<?xml version="1.0" encoding="UTF-8"?>
<testsuite xmlns:xsi="http://www.w3.org/2001/XMLSchema-instance" xsi:noNamespaceSchemaLocation="https://maven.apache.org/surefire/maven-surefire-plugin/xsd/surefire-test-report.xsd" name="com.toures.balon.orden.TouresBalonOrdenApplicationTests" time="10.072" tests="1" errors="0" skipped="0" failures="0">
  <properties>
    <property name="sun.desktop" value="windows"/>
    <property name="awt.toolkit" value="sun.awt.windows.WToolkit"/>
    <property name="java.specification.version" value="11"/>
    <property name="sun.cpu.isalist" value="amd64"/>
    <property name="sun.jnu.encoding" value="Cp1252"/>
    <property name="java.class.path" value="C:\Users\ALEJO\OneDrive\Escritorio\Especializacion\Implementacion Arquitectura\back\toures-balon-orden\target\test-classes;C:\Users\ALEJO\OneDrive\Escritorio\Especializacion\Implementacion Arquitectura\back\toures-balon-orden\target\classes;C:\Users\ALEJO\.m2\repository\org\springframework\boot\spring-boot-starter-web\2.3.0.BUILD-SNAPSHOT\spring-boot-starter-web-2.3.0.BUILD-SNAPSHOT.jar;C:\Users\ALEJO\.m2\repository\org\springframework\boot\spring-boot-starter\2.3.0.BUILD-SNAPSHOT\spring-boot-starter-2.3.0.BUILD-SNAPSHOT.jar;C:\Users\ALEJO\.m2\repository\org\springframework\boot\spring-boot\2.3.0.BUILD-SNAPSHOT\spring-boot-2.3.0.BUILD-SNAPSHOT.jar;C:\Users\ALEJO\.m2\repository\org\springframework\boot\spring-boot-autoconfigure\2.3.0.BUILD-SNAPSHOT\spring-boot-autoconfigure-2.3.0.BUILD-SNAPSHOT.jar;C:\Users\ALEJO\.m2\repository\org\springframework\boot\spring-boot-starter-logging\2.3.0.BUILD-SNAPSHOT\spring-boot-starter-logging-2.3.0.BUILD-SNAPSHOT.jar;C:\Users\ALEJO\.m2\repository\ch\qos\logback\logback-classic\1.2.3\logback-classic-1.2.3.jar;C:\Users\ALEJO\.m2\repository\ch\qos\logback\logback-core\1.2.3\logback-core-1.2.3.jar;C:\Users\ALEJO\.m2\repository\org\apache\logging\log4j\log4j-to-slf4j\2.13.2\log4j-to-slf4j-2.13.2.jar;C:\Users\ALEJO\.m2\repository\org\apache\logging\log4j\log4j-api\2.13.2\log4j-api-2.13.2.jar;C:\Users\ALEJO\.m2\repository\org\slf4j\jul-to-slf4j\1.7.30\jul-to-slf4j-1.7.30.jar;C:\Users\ALEJO\.m2\repository\jakarta\annotation\jakarta.annotation-api\1.3.5\jakarta.annotation-api-1.3.5.jar;C:\Users\ALEJO\.m2\repository\org\yaml\snakeyaml\1.26\snakeyaml-1.26.jar;C:\Users\ALEJO\.m2\repository\org\springframework\boot\spring-boot-starter-json\2.3.0.BUILD-SNAPSHOT\spring-boot-starter-json-2.3.0.BUILD-SNAPSHOT.jar;C:\Users\ALEJO\.m2\repository\com\fasterxml\jackson\datatype\jackson-datatype-jdk8\2.11.0\jackson-datatype-jdk8-2.11.0.jar;C:\Users\ALEJO\.m2\repository\com\fasterxml\jackson\datatype\jackson-datatype-jsr310\2.11.0\jackson-datatype-jsr310-2.11.0.jar;C:\Users\ALEJO\.m2\repository\com\fasterxml\jackson\module\jackson-module-parameter-names\2.11.0\jackson-module-parameter-names-2.11.0.jar;C:\Users\ALEJO\.m2\repository\org\springframework\boot\spring-boot-starter-tomcat\2.3.0.BUILD-SNAPSHOT\spring-boot-starter-tomcat-2.3.0.BUILD-SNAPSHOT.jar;C:\Users\ALEJO\.m2\repository\org\apache\tomcat\embed\tomcat-embed-core\9.0.35\tomcat-embed-core-9.0.35.jar;C:\Users\ALEJO\.m2\repository\org\glassfish\jakarta.el\3.0.3\jakarta.el-3.0.3.jar;C:\Users\ALEJO\.m2\repository\org\apache\tomcat\embed\tomcat-embed-websocket\9.0.35\tomcat-embed-websocket-9.0.35.jar;C:\Users\ALEJO\.m2\repository\org\springframework\spring-web\5.2.6.RELEASE\spring-web-5.2.6.RELEASE.jar;C:\Users\ALEJO\.m2\repository\org\springframework\spring-beans\5.2.6.RELEASE\spring-beans-5.2.6.RELEASE.jar;C:\Users\ALEJO\.m2\repository\org\springframework\spring-webmvc\5.2.6.RELEASE\spring-webmvc-5.2.6.RELEASE.jar;C:\Users\ALEJO\.m2\repository\org\springframework\spring-aop\5.2.6.RELEASE\spring-aop-5.2.6.RELEASE.jar;C:\Users\ALEJO\.m2\repository\org\springframework\spring-context\5.2.6.RELEASE\spring-context-5.2.6.RELEASE.jar;C:\Users\ALEJO\.m2\repository\org\springframework\spring-expression\5.2.6.RELEASE\spring-expression-5.2.6.RELEASE.jar;C:\Users\ALEJO\.m2\repository\org\springframework\cloud\spring-cloud-starter-config\2.2.4.BUILD-SNAPSHOT\spring-cloud-starter-config-2.2.4.BUILD-SNAPSHOT.jar;C:\Users\ALEJO\.m2\repository\org\springframework\cloud\spring-cloud-starter\2.2.4.BUILD-SNAPSHOT\spring-cloud-starter-2.2.4.BUILD-SNAPSHOT.jar;C:\Users\ALEJO\.m2\repository\org\springframework\cloud\spring-cloud-context\2.2.4.BUILD-SNAPSHOT\spring-cloud-context-2.2.4.BUILD-SNAPSHOT.jar;C:\Users\ALEJO\.m2\repository\org\springframework\security\spring-security-rsa\1.0.9.RELEASE\spring-security-rsa-1.0.9.RELEASE.jar;C:\Users\ALEJO\.m2\repository\org\bouncycastle\bcpkix-jdk15on\1.64\bcpkix-jdk15on-1.64.jar;C:\Users\ALEJO\.m2\repository\org\bouncycastle\bcprov-jdk15on\1.64\bcprov-jdk15on-1.64.jar;C:\Users\ALEJO\.m2\repository\org\springframework\cloud\spring-cloud-config-client\2.2.4.BUILD-SNAPSHOT\spring-cloud-config-client-2.2.4.BUILD-SNAPSHOT.jar;C:\Users\ALEJO\.m2\repository\com\fasterxml\jackson\core\jackson-annotations\2.11.0\jackson-annotations-2.11.0.jar;C:\Users\ALEJO\.m2\repository\com\fasterxml\jackson\core\jackson-databind\2.11.0\jackson-databind-2.11.0.jar;C:\Users\ALEJO\.m2\repository\com\fasterxml\jackson\core\jackson-core\2.11.0\jackson-core-2.11.0.jar;C:\Users\ALEJO\.m2\repository\org\springframework\cloud\spring-cloud-starter-kubernetes\1.1.4.BUILD-SNAPSHOT\spring-cloud-starter-kubernetes-1.1.4.BUILD-SNAPSHOT.jar;C:\Users\ALEJO\.m2\repository\org\springframework\cloud\spring-cloud-kubernetes-core\1.1.4.BUILD-SNAPSHOT\spring-cloud-kubernetes-core-1.1.4.BUILD-SNAPSHOT.jar;C:\Users\ALEJO\.m2\repository\io\fabric8\kubernetes-client\4.4.1\kubernetes-client-4.4.1.jar;C:\Users\ALEJO\.m2\repository\io\fabric8\kubernetes-model\4.4.1\kubernetes-model-4.4.1.jar;C:\Users\ALEJO\.m2\repository\io\fabric8\kubernetes-model-common\4.4.1\kubernetes-model-common-4.4.1.jar;C:\Users\ALEJO\.m2\repository\com\fasterxml\jackson\module\jackson-module-jaxb-annotations\2.11.0\jackson-module-jaxb-annotations-2.11.0.jar;C:\Users\ALEJO\.m2\repository\javax\validation\validation-api\2.0.1.Final\validation-api-2.0.1.Final.jar;C:\Users\ALEJO\.m2\repository\org\glassfish\javax.el\3.0.1-b11\javax.el-3.0.1-b11.jar;C:\Users\ALEJO\.m2\repository\javax\annotation\javax.annotation-api\1.3.2\javax.annotation-api-1.3.2.jar;C:\Users\ALEJO\.m2\repository\javax\xml\bind\jaxb-api\2.3.1\jaxb-api-2.3.1.jar;C:\Users\ALEJO\.m2\repository\javax\activation\javax.activation-api\1.2.0\javax.activation-api-1.2.0.jar;C:\Users\ALEJO\.m2\repository\com\squareup\okhttp3\okhttp\3.14.8\okhttp-3.14.8.jar;C:\Users\ALEJO\.m2\repository\com\squareup\okio\okio\1.17.2\okio-1.17.2.jar;C:\Users\ALEJO\.m2\repository\com\squareup\okhttp3\logging-interceptor\3.14.8\logging-interceptor-3.14.8.jar;C:\Users\ALEJO\.m2\repository\com\fasterxml\jackson\dataformat\jackson-dataformat-yaml\2.11.0\jackson-dataformat-yaml-2.11.0.jar;C:\Users\ALEJO\.m2\repository\io\fabric8\zjsonpatch\0.3.0\zjsonpatch-0.3.0.jar;C:\Users\ALEJO\.m2\repository\com\github\mifmif\generex\1.0.2\generex-1.0.2.jar;C:\Users\ALEJO\.m2\repository\dk\brics\automaton\automaton\1.11-8\automaton-1.11-8.jar;C:\Users\ALEJO\.m2\repository\org\springframework\cloud\spring-cloud-kubernetes-discovery\1.1.4.BUILD-SNAPSHOT\spring-cloud-kubernetes-discovery-1.1.4.BUILD-SNAPSHOT.jar;C:\Users\ALEJO\.m2\repository\org\springframework\cloud\spring-cloud-starter-openfeign\2.2.4.BUILD-SNAPSHOT\spring-cloud-starter-openfeign-2.2.4.BUILD-SNAPSHOT.jar;C:\Users\ALEJO\.m2\repository\org\springframework\cloud\spring-cloud-openfeign-core\2.2.4.BUILD-SNAPSHOT\spring-cloud-openfeign-core-2.2.4.BUILD-SNAPSHOT.jar;C:\Users\ALEJO\.m2\repository\org\springframework\cloud\spring-cloud-netflix-ribbon\2.2.4.BUILD-SNAPSHOT\spring-cloud-netflix-ribbon-2.2.4.BUILD-SNAPSHOT.jar;C:\Users\ALEJO\.m2\repository\org\springframework\cloud\spring-cloud-netflix-archaius\2.2.4.BUILD-SNAPSHOT\spring-cloud-netflix-archaius-2.2.4.BUILD-SNAPSHOT.jar;C:\Users\ALEJO\.m2\repository\io\github\openfeign\form\feign-form-spring\3.8.0\feign-form-spring-3.8.0.jar;C:\Users\ALEJO\.m2\repository\io\github\openfeign\form\feign-form\3.8.0\feign-form-3.8.0.jar;C:\Users\ALEJO\.m2\repository\commons-fileupload\commons-fileupload\1.4\commons-fileupload-1.4.jar;C:\Users\ALEJO\.m2\repository\commons-io\commons-io\2.2\commons-io-2.2.jar;C:\Users\ALEJO\.m2\repository\org\springframework\cloud\spring-cloud-commons\2.2.4.BUILD-SNAPSHOT\spring-cloud-commons-2.2.4.BUILD-SNAPSHOT.jar;C:\Users\ALEJO\.m2\repository\org\springframework\security\spring-security-crypto\5.3.2.RELEASE\spring-security-crypto-5.3.2.RELEASE.jar;C:\Users\ALEJO\.m2\repository\io\github\openfeign\feign-core\10.10.1\feign-core-10.10.1.jar;C:\Users\ALEJO\.m2\repository\io\github\openfeign\feign-slf4j\10.10.1\feign-slf4j-10.10.1.jar;C:\Users\ALEJO\.m2\repository\org\slf4j\slf4j-api\1.7.30\slf4j-api-1.7.30.jar;C:\Users\ALEJO\.m2\repository\io\github\openfeign\feign-hystrix\10.10.1\feign-hystrix-10.10.1.jar;C:\Users\ALEJO\.m2\repository\com\netflix\archaius\archaius-core\0.7.6\archaius-core-0.7.6.jar;C:\Users\ALEJO\.m2\repository\com\google\code\findbugs\jsr305\3.0.1\jsr305-3.0.1.jar;C:\Users\ALEJO\.m2\repository\commons-configuration\commons-configuration\1.8\commons-configuration-1.8.jar;C:\Users\ALEJO\.m2\repository\commons-lang\commons-lang\2.6\commons-lang-2.6.jar;C:\Users\ALEJO\.m2\repository\com\google\guava\guava\29.0-android\guava-29.0-android.jar;C:\Users\ALEJO\.m2\repository\com\google\guava\failureaccess\1.0.1\failureaccess-1.0.1.jar;C:\Users\ALEJO\.m2\repository\com\google\guava\listenablefuture\9999.0-empty-to-avoid-conflict-with-guava\listenablefuture-9999.0-empty-to-avoid-conflict-with-guava.jar;C:\Users\ALEJO\.m2\repository\org\checkerframework\checker-compat-qual\2.5.5\checker-compat-qual-2.5.5.jar;C:\Users\ALEJO\.m2\repository\com\google\errorprone\error_prone_annotations\2.3.4\error_prone_annotations-2.3.4.jar;C:\Users\ALEJO\.m2\repository\com\google\j2objc\j2objc-annotations\1.3\j2objc-annotations-1.3.jar;C:\Users\ALEJO\.m2\repository\com\netflix\hystrix\hystrix-core\1.5.18\hystrix-core-1.5.18.jar;C:\Users\ALEJO\.m2\repository\io\reactivex\rxjava\1.3.8\rxjava-1.3.8.jar;C:\Users\ALEJO\.m2\repository\org\hdrhistogram\HdrHistogram\2.1.9\HdrHistogram-2.1.9.jar;C:\Users\ALEJO\.m2\repository\org\springframework\cloud\spring-cloud-starter-zipkin\2.2.4.BUILD-SNAPSHOT\spring-cloud-starter-zipkin-2.2.4.BUILD-SNAPSHOT.jar;C:\Users\ALEJO\.m2\repository\org\springframework\cloud\spring-cloud-starter-sleuth\2.2.4.BUILD-SNAPSHOT\spring-cloud-starter-sleuth-2.2.4.BUILD-SNAPSHOT.jar;C:\Users\ALEJO\.m2\repository\org\springframework\cloud\spring-cloud-sleuth-core\2.2.4.BUILD-SNAPSHOT\spring-cloud-sleuth-core-2.2.4.BUILD-SNAPSHOT.jar;C:\Users\ALEJO\.m2\repository\org\aspectj\aspectjrt\1.9.5\aspectjrt-1.9.5.jar;C:\Users\ALEJO\.m2\repository\io\zipkin\brave\brave\5.12.3\brave-5.12.3.jar;C:\Users\ALEJO\.m2\repository\io\zipkin\brave\brave-context-slf4j\5.12.3\brave-context-slf4j-5.12.3.jar;C:\Users\ALEJO\.m2\repository\io\zipkin\brave\brave-instrumentation-messaging\5.12.3\brave-instrumentation-messaging-5.12.3.jar;C:\Users\ALEJO\.m2\repository\io\zipkin\brave\brave-instrumentation-rpc\5.12.3\brave-instrumentation-rpc-5.12.3.jar;C:\Users\ALEJO\.m2\repository\io\zipkin\brave\brave-instrumentation-spring-web\5.12.3\brave-instrumentation-spring-web-5.12.3.jar;C:\Users\ALEJO\.m2\repository\io\zipkin\brave\brave-instrumentation-http\5.12.3\brave-instrumentation-http-5.12.3.jar;C:\Users\ALEJO\.m2\repository\io\zipkin\brave\brave-instrumentation-spring-rabbit\5.12.3\brave-instrumentation-spring-rabbit-5.12.3.jar;C:\Users\ALEJO\.m2\repository\io\zipkin\brave\brave-instrumentation-kafka-clients\5.12.3\brave-instrumentation-kafka-clients-5.12.3.jar;C:\Users\ALEJO\.m2\repository\io\zipkin\brave\brave-instrumentation-kafka-streams\5.12.3\brave-instrumentation-kafka-streams-5.12.3.jar;C:\Users\ALEJO\.m2\repository\io\zipkin\brave\brave-instrumentation-httpclient\5.12.3\brave-instrumentation-httpclient-5.12.3.jar;C:\Users\ALEJO\.m2\repository\io\zipkin\brave\brave-instrumentation-httpasyncclient\5.12.3\brave-instrumentation-httpasyncclient-5.12.3.jar;C:\Users\ALEJO\.m2\repository\io\zipkin\brave\brave-instrumentation-spring-webmvc\5.12.3\brave-instrumentation-spring-webmvc-5.12.3.jar;C:\Users\ALEJO\.m2\repository\io\zipkin\brave\brave-instrumentation-servlet\5.12.3\brave-instrumentation-servlet-5.12.3.jar;C:\Users\ALEJO\.m2\repository\io\zipkin\brave\brave-instrumentation-jms\5.12.3\brave-instrumentation-jms-5.12.3.jar;C:\Users\ALEJO\.m2\repository\io\zipkin\reporter2\zipkin-reporter-metrics-micrometer\2.15.0\zipkin-reporter-metrics-micrometer-2.15.0.jar;C:\Users\ALEJO\.m2\repository\org\springframework\cloud\spring-cloud-sleuth-zipkin\2.2.4.BUILD-SNAPSHOT\spring-cloud-sleuth-zipkin-2.2.4.BUILD-SNAPSHOT.jar;C:\Users\ALEJO\.m2\repository\io\zipkin\zipkin2\zipkin\2.21.1\zipkin-2.21.1.jar;C:\Users\ALEJO\.m2\repository\io\zipkin\reporter2\zipkin-reporter\2.15.0\zipkin-reporter-2.15.0.jar;C:\Users\ALEJO\.m2\repository\io\zipkin\reporter2\zipkin-reporter-brave\2.15.0\zipkin-reporter-brave-2.15.0.jar;C:\Users\ALEJO\.m2\repository\io\zipkin\reporter2\zipkin-sender-kafka\2.15.0\zipkin-sender-kafka-2.15.0.jar;C:\Users\ALEJO\.m2\repository\io\zipkin\reporter2\zipkin-sender-activemq-client\2.15.0\zipkin-sender-activemq-client-2.15.0.jar;C:\Users\ALEJO\.m2\repository\io\zipkin\reporter2\zipkin-sender-amqp-client\2.15.0\zipkin-sender-amqp-client-2.15.0.jar;C:\Users\ALEJO\.m2\repository\org\projectlombok\lombok\1.18.12\lombok-1.18.12.jar;C:\Users\ALEJO\.m2\repository\org\springframework\boot\spring-boot-starter-test\2.3.0.BUILD-SNAPSHOT\spring-boot-starter-test-2.3.0.BUILD-SNAPSHOT.jar;C:\Users\ALEJO\.m2\repository\org\springframework\boot\spring-boot-test\2.3.0.BUILD-SNAPSHOT\spring-boot-test-2.3.0.BUILD-SNAPSHOT.jar;C:\Users\ALEJO\.m2\repository\org\springframework\boot\spring-boot-test-autoconfigure\2.3.0.BUILD-SNAPSHOT\spring-boot-test-autoconfigure-2.3.0.BUILD-SNAPSHOT.jar;C:\Users\ALEJO\.m2\repository\com\jayway\jsonpath\json-path\2.4.0\json-path-2.4.0.jar;C:\Users\ALEJO\.m2\repository\net\minidev\json-smart\2.3\json-smart-2.3.jar;C:\Users\ALEJO\.m2\repository\net\minidev\accessors-smart\1.2\accessors-smart-1.2.jar;C:\Users\ALEJO\.m2\repository\org\ow2\asm\asm\5.0.4\asm-5.0.4.jar;C:\Users\ALEJO\.m2\repository\jakarta\xml\bind\jakarta.xml.bind-api\2.3.3\jakarta.xml.bind-api-2.3.3.jar;C:\Users\ALEJO\.m2\repository\jakarta\activation\jakarta.activation-api\1.2.2\jakarta.activation-api-1.2.2.jar;C:\Users\ALEJO\.m2\repository\org\assertj\assertj-core\3.16.1\assertj-core-3.16.1.jar;C:\Users\ALEJO\.m2\repository\org\hamcrest\hamcrest\2.2\hamcrest-2.2.jar;C:\Users\ALEJO\.m2\repository\org\junit\jupiter\junit-jupiter\5.6.2\junit-jupiter-5.6.2.jar;C:\Users\ALEJO\.m2\repository\org\junit\jupiter\junit-jupiter-api\5.6.2\junit-jupiter-api-5.6.2.jar;C:\Users\ALEJO\.m2\repository\org\apiguardian\apiguardian-api\1.1.0\apiguardian-api-1.1.0.jar;C:\Users\ALEJO\.m2\repository\org\opentest4j\opentest4j\1.2.0\opentest4j-1.2.0.jar;C:\Users\ALEJO\.m2\repository\org\junit\platform\junit-platform-commons\1.6.2\junit-platform-commons-1.6.2.jar;C:\Users\ALEJO\.m2\repository\org\junit\jupiter\junit-jupiter-params\5.6.2\junit-jupiter-params-5.6.2.jar;C:\Users\ALEJO\.m2\repository\org\junit\jupiter\junit-jupiter-engine\5.6.2\junit-jupiter-engine-5.6.2.jar;C:\Users\ALEJO\.m2\repository\org\junit\platform\junit-platform-engine\1.6.2\junit-platform-engine-1.6.2.jar;C:\Users\ALEJO\.m2\repository\org\mockito\mockito-core\3.3.3\mockito-core-3.3.3.jar;C:\Users\ALEJO\.m2\repository\net\bytebuddy\byte-buddy\1.10.10\byte-buddy-1.10.10.jar;C:\Users\ALEJO\.m2\repository\net\bytebuddy\byte-buddy-agent\1.10.10\byte-buddy-agent-1.10.10.jar;C:\Users\ALEJO\.m2\repository\org\objenesis\objenesis\2.6\objenesis-2.6.jar;C:\Users\ALEJO\.m2\repository\org\mockito\mockito-junit-jupiter\3.3.3\mockito-junit-jupiter-3.3.3.jar;C:\Users\ALEJO\.m2\repository\org\skyscreamer\jsonassert\1.5.0\jsonassert-1.5.0.jar;C:\Users\ALEJO\.m2\repository\com\vaadin\external\google\android-json\0.0.20131108.vaadin1\android-json-0.0.20131108.vaadin1.jar;C:\Users\ALEJO\.m2\repository\org\springframework\spring-core\5.2.6.RELEASE\spring-core-5.2.6.RELEASE.jar;C:\Users\ALEJO\.m2\repository\org\springframework\spring-jcl\5.2.6.RELEASE\spring-jcl-5.2.6.RELEASE.jar;C:\Users\ALEJO\.m2\repository\org\springframework\spring-test\5.2.6.RELEASE\spring-test-5.2.6.RELEASE.jar;C:\Users\ALEJO\.m2\repository\org\xmlunit\xmlunit-core\2.7.0\xmlunit-core-2.7.0.jar;C:\Users\ALEJO\.m2\repository\org\springframework\boot\spring-boot-starter-data-jpa\2.3.0.BUILD-SNAPSHOT\spring-boot-starter-data-jpa-2.3.0.BUILD-SNAPSHOT.jar;C:\Users\ALEJO\.m2\repository\org\springframework\boot\spring-boot-starter-aop\2.3.0.BUILD-SNAPSHOT\spring-boot-starter-aop-2.3.0.BUILD-SNAPSHOT.jar;C:\Users\ALEJO\.m2\repository\org\aspectj\aspectjweaver\1.9.5\aspectjweaver-1.9.5.jar;C:\Users\ALEJO\.m2\repository\org\springframework\boot\spring-boot-starter-jdbc\2.3.0.BUILD-SNAPSHOT\spring-boot-starter-jdbc-2.3.0.BUILD-SNAPSHOT.jar;C:\Users\ALEJO\.m2\repository\com\zaxxer\HikariCP\3.4.5\HikariCP-3.4.5.jar;C:\Users\ALEJO\.m2\repository\org\springframework\spring-jdbc\5.2.6.RELEASE\spring-jdbc-5.2.6.RELEASE.jar;C:\Users\ALEJO\.m2\repository\jakarta\transaction\jakarta.transaction-api\1.3.3\jakarta.transaction-api-1.3.3.jar;C:\Users\ALEJO\.m2\repository\jakarta\persistence\jakarta.persistence-api\2.2.3\jakarta.persistence-api-2.2.3.jar;C:\Users\ALEJO\.m2\repository\org\hibernate\hibernate-core\5.4.15.Final\hibernate-core-5.4.15.Final.jar;C:\Users\ALEJO\.m2\repository\org\jboss\logging\jboss-logging\3.4.1.Final\jboss-logging-3.4.1.Final.jar;C:\Users\ALEJO\.m2\repository\org\javassist\javassist\3.24.0-GA\javassist-3.24.0-GA.jar;C:\Users\ALEJO\.m2\repository\antlr\antlr\2.7.7\antlr-2.7.7.jar;C:\Users\ALEJO\.m2\repository\org\jboss\jandex\2.1.3.Final\jandex-2.1.3.Final.jar;C:\Users\ALEJO\.m2\repository\com\fasterxml\classmate\1.5.1\classmate-1.5.1.jar;C:\Users\ALEJO\.m2\repository\org\dom4j\dom4j\2.1.3\dom4j-2.1.3.jar;C:\Users\ALEJO\.m2\repository\org\hibernate\common\hibernate-commons-annotations\5.1.0.Final\hibernate-commons-annotations-5.1.0.Final.jar;C:\Users\ALEJO\.m2\repository\org\glassfish\jaxb\jaxb-runtime\2.3.3\jaxb-runtime-2.3.3.jar;C:\Users\ALEJO\.m2\repository\org\glassfish\jaxb\txw2\2.3.3\txw2-2.3.3.jar;C:\Users\ALEJO\.m2\repository\com\sun\istack\istack-commons-runtime\3.0.11\istack-commons-runtime-3.0.11.jar;C:\Users\ALEJO\.m2\repository\com\sun\activation\jakarta.activation\1.2.2\jakarta.activation-1.2.2.jar;C:\Users\ALEJO\.m2\repository\org\springframework\data\spring-data-jpa\2.3.0.RELEASE\spring-data-jpa-2.3.0.RELEASE.jar;C:\Users\ALEJO\.m2\repository\org\springframework\data\spring-data-commons\2.3.0.RELEASE\spring-data-commons-2.3.0.RELEASE.jar;C:\Users\ALEJO\.m2\repository\org\springframework\spring-orm\5.2.6.RELEASE\spring-orm-5.2.6.RELEASE.jar;C:\Users\ALEJO\.m2\repository\org\springframework\spring-tx\5.2.6.RELEASE\spring-tx-5.2.6.RELEASE.jar;C:\Users\ALEJO\.m2\repository\org\springframework\spring-aspects\5.2.6.RELEASE\spring-aspects-5.2.6.RELEASE.jar;C:\Users\ALEJO\.m2\repository\mysql\mysql-connector-java\8.0.20\mysql-connector-java-8.0.20.jar;"/>
    <property name="java.vm.vendor" value="Oracle Corporation"/>
    <property name="sun.arch.data.model" value="64"/>
    <property name="user.variant" value=""/>
    <property name="java.vendor.url" value="http://java.oracle.com/"/>
    <property name="user.timezone" value="America/Bogota"/>
    <property name="java.vm.specification.version" value="11"/>
    <property name="os.name" value="Windows 10"/>
    <property name="sun.java.launcher" value="SUN_STANDARD"/>
    <property name="user.country" value="CO"/>
    <property name="sun.boot.library.path" value="C:\Program Files\Java\jdk-11\bin"/>
    <property name="sun.java.command" value="C:\Users\ALEJO\AppData\Local\Temp\surefire17773121595963157921\surefirebooter3052446438020360676.jar C:\Users\ALEJO\AppData\Local\Temp\surefire17773121595963157921 2020-06-04T15-33-52_419-jvmRun1 surefire15531189548697953831tmp surefire_08223767175505002980tmp"/>
    <property name="jdk.debug" value="release"/>
    <property name="surefire.test.class.path" value="C:\Users\ALEJO\OneDrive\Escritorio\Especializacion\Implementacion Arquitectura\back\toures-balon-orden\target\test-classes;C:\Users\ALEJO\OneDrive\Escritorio\Especializacion\Implementacion Arquitectura\back\toures-balon-orden\target\classes;C:\Users\ALEJO\.m2\repository\org\springframework\boot\spring-boot-starter-web\2.3.0.BUILD-SNAPSHOT\spring-boot-starter-web-2.3.0.BUILD-SNAPSHOT.jar;C:\Users\ALEJO\.m2\repository\org\springframework\boot\spring-boot-starter\2.3.0.BUILD-SNAPSHOT\spring-boot-starter-2.3.0.BUILD-SNAPSHOT.jar;C:\Users\ALEJO\.m2\repository\org\springframework\boot\spring-boot\2.3.0.BUILD-SNAPSHOT\spring-boot-2.3.0.BUILD-SNAPSHOT.jar;C:\Users\ALEJO\.m2\repository\org\springframework\boot\spring-boot-autoconfigure\2.3.0.BUILD-SNAPSHOT\spring-boot-autoconfigure-2.3.0.BUILD-SNAPSHOT.jar;C:\Users\ALEJO\.m2\repository\org\springframework\boot\spring-boot-starter-logging\2.3.0.BUILD-SNAPSHOT\spring-boot-starter-logging-2.3.0.BUILD-SNAPSHOT.jar;C:\Users\ALEJO\.m2\repository\ch\qos\logback\logback-classic\1.2.3\logback-classic-1.2.3.jar;C:\Users\ALEJO\.m2\repository\ch\qos\logback\logback-core\1.2.3\logback-core-1.2.3.jar;C:\Users\ALEJO\.m2\repository\org\apache\logging\log4j\log4j-to-slf4j\2.13.2\log4j-to-slf4j-2.13.2.jar;C:\Users\ALEJO\.m2\repository\org\apache\logging\log4j\log4j-api\2.13.2\log4j-api-2.13.2.jar;C:\Users\ALEJO\.m2\repository\org\slf4j\jul-to-slf4j\1.7.30\jul-to-slf4j-1.7.30.jar;C:\Users\ALEJO\.m2\repository\jakarta\annotation\jakarta.annotation-api\1.3.5\jakarta.annotation-api-1.3.5.jar;C:\Users\ALEJO\.m2\repository\org\yaml\snakeyaml\1.26\snakeyaml-1.26.jar;C:\Users\ALEJO\.m2\repository\org\springframework\boot\spring-boot-starter-json\2.3.0.BUILD-SNAPSHOT\spring-boot-starter-json-2.3.0.BUILD-SNAPSHOT.jar;C:\Users\ALEJO\.m2\repository\com\fasterxml\jackson\datatype\jackson-datatype-jdk8\2.11.0\jackson-datatype-jdk8-2.11.0.jar;C:\Users\ALEJO\.m2\repository\com\fasterxml\jackson\datatype\jackson-datatype-jsr310\2.11.0\jackson-datatype-jsr310-2.11.0.jar;C:\Users\ALEJO\.m2\repository\com\fasterxml\jackson\module\jackson-module-parameter-names\2.11.0\jackson-module-parameter-names-2.11.0.jar;C:\Users\ALEJO\.m2\repository\org\springframework\boot\spring-boot-starter-tomcat\2.3.0.BUILD-SNAPSHOT\spring-boot-starter-tomcat-2.3.0.BUILD-SNAPSHOT.jar;C:\Users\ALEJO\.m2\repository\org\apache\tomcat\embed\tomcat-embed-core\9.0.35\tomcat-embed-core-9.0.35.jar;C:\Users\ALEJO\.m2\repository\org\glassfish\jakarta.el\3.0.3\jakarta.el-3.0.3.jar;C:\Users\ALEJO\.m2\repository\org\apache\tomcat\embed\tomcat-embed-websocket\9.0.35\tomcat-embed-websocket-9.0.35.jar;C:\Users\ALEJO\.m2\repository\org\springframework\spring-web\5.2.6.RELEASE\spring-web-5.2.6.RELEASE.jar;C:\Users\ALEJO\.m2\repository\org\springframework\spring-beans\5.2.6.RELEASE\spring-beans-5.2.6.RELEASE.jar;C:\Users\ALEJO\.m2\repository\org\springframework\spring-webmvc\5.2.6.RELEASE\spring-webmvc-5.2.6.RELEASE.jar;C:\Users\ALEJO\.m2\repository\org\springframework\spring-aop\5.2.6.RELEASE\spring-aop-5.2.6.RELEASE.jar;C:\Users\ALEJO\.m2\repository\org\springframework\spring-context\5.2.6.RELEASE\spring-context-5.2.6.RELEASE.jar;C:\Users\ALEJO\.m2\repository\org\springframework\spring-expression\5.2.6.RELEASE\spring-expression-5.2.6.RELEASE.jar;C:\Users\ALEJO\.m2\repository\org\springframework\cloud\spring-cloud-starter-config\2.2.4.BUILD-SNAPSHOT\spring-cloud-starter-config-2.2.4.BUILD-SNAPSHOT.jar;C:\Users\ALEJO\.m2\repository\org\springframework\cloud\spring-cloud-starter\2.2.4.BUILD-SNAPSHOT\spring-cloud-starter-2.2.4.BUILD-SNAPSHOT.jar;C:\Users\ALEJO\.m2\repository\org\springframework\cloud\spring-cloud-context\2.2.4.BUILD-SNAPSHOT\spring-cloud-context-2.2.4.BUILD-SNAPSHOT.jar;C:\Users\ALEJO\.m2\repository\org\springframework\security\spring-security-rsa\1.0.9.RELEASE\spring-security-rsa-1.0.9.RELEASE.jar;C:\Users\ALEJO\.m2\repository\org\bouncycastle\bcpkix-jdk15on\1.64\bcpkix-jdk15on-1.64.jar;C:\Users\ALEJO\.m2\repository\org\bouncycastle\bcprov-jdk15on\1.64\bcprov-jdk15on-1.64.jar;C:\Users\ALEJO\.m2\repository\org\springframework\cloud\spring-cloud-config-client\2.2.4.BUILD-SNAPSHOT\spring-cloud-config-client-2.2.4.BUILD-SNAPSHOT.jar;C:\Users\ALEJO\.m2\repository\com\fasterxml\jackson\core\jackson-annotations\2.11.0\jackson-annotations-2.11.0.jar;C:\Users\ALEJO\.m2\repository\com\fasterxml\jackson\core\jackson-databind\2.11.0\jackson-databind-2.11.0.jar;C:\Users\ALEJO\.m2\repository\com\fasterxml\jackson\core\jackson-core\2.11.0\jackson-core-2.11.0.jar;C:\Users\ALEJO\.m2\repository\org\springframework\cloud\spring-cloud-starter-kubernetes\1.1.4.BUILD-SNAPSHOT\spring-cloud-starter-kubernetes-1.1.4.BUILD-SNAPSHOT.jar;C:\Users\ALEJO\.m2\repository\org\springframework\cloud\spring-cloud-kubernetes-core\1.1.4.BUILD-SNAPSHOT\spring-cloud-kubernetes-core-1.1.4.BUILD-SNAPSHOT.jar;C:\Users\ALEJO\.m2\repository\io\fabric8\kubernetes-client\4.4.1\kubernetes-client-4.4.1.jar;C:\Users\ALEJO\.m2\repository\io\fabric8\kubernetes-model\4.4.1\kubernetes-model-4.4.1.jar;C:\Users\ALEJO\.m2\repository\io\fabric8\kubernetes-model-common\4.4.1\kubernetes-model-common-4.4.1.jar;C:\Users\ALEJO\.m2\repository\com\fasterxml\jackson\module\jackson-module-jaxb-annotations\2.11.0\jackson-module-jaxb-annotations-2.11.0.jar;C:\Users\ALEJO\.m2\repository\javax\validation\validation-api\2.0.1.Final\validation-api-2.0.1.Final.jar;C:\Users\ALEJO\.m2\repository\org\glassfish\javax.el\3.0.1-b11\javax.el-3.0.1-b11.jar;C:\Users\ALEJO\.m2\repository\javax\annotation\javax.annotation-api\1.3.2\javax.annotation-api-1.3.2.jar;C:\Users\ALEJO\.m2\repository\javax\xml\bind\jaxb-api\2.3.1\jaxb-api-2.3.1.jar;C:\Users\ALEJO\.m2\repository\javax\activation\javax.activation-api\1.2.0\javax.activation-api-1.2.0.jar;C:\Users\ALEJO\.m2\repository\com\squareup\okhttp3\okhttp\3.14.8\okhttp-3.14.8.jar;C:\Users\ALEJO\.m2\repository\com\squareup\okio\okio\1.17.2\okio-1.17.2.jar;C:\Users\ALEJO\.m2\repository\com\squareup\okhttp3\logging-interceptor\3.14.8\logging-interceptor-3.14.8.jar;C:\Users\ALEJO\.m2\repository\com\fasterxml\jackson\dataformat\jackson-dataformat-yaml\2.11.0\jackson-dataformat-yaml-2.11.0.jar;C:\Users\ALEJO\.m2\repository\io\fabric8\zjsonpatch\0.3.0\zjsonpatch-0.3.0.jar;C:\Users\ALEJO\.m2\repository\com\github\mifmif\generex\1.0.2\generex-1.0.2.jar;C:\Users\ALEJO\.m2\repository\dk\brics\automaton\automaton\1.11-8\automaton-1.11-8.jar;C:\Users\ALEJO\.m2\repository\org\springframework\cloud\spring-cloud-kubernetes-discovery\1.1.4.BUILD-SNAPSHOT\spring-cloud-kubernetes-discovery-1.1.4.BUILD-SNAPSHOT.jar;C:\Users\ALEJO\.m2\repository\org\springframework\cloud\spring-cloud-starter-openfeign\2.2.4.BUILD-SNAPSHOT\spring-cloud-starter-openfeign-2.2.4.BUILD-SNAPSHOT.jar;C:\Users\ALEJO\.m2\repository\org\springframework\cloud\spring-cloud-openfeign-core\2.2.4.BUILD-SNAPSHOT\spring-cloud-openfeign-core-2.2.4.BUILD-SNAPSHOT.jar;C:\Users\ALEJO\.m2\repository\org\springframework\cloud\spring-cloud-netflix-ribbon\2.2.4.BUILD-SNAPSHOT\spring-cloud-netflix-ribbon-2.2.4.BUILD-SNAPSHOT.jar;C:\Users\ALEJO\.m2\repository\org\springframework\cloud\spring-cloud-netflix-archaius\2.2.4.BUILD-SNAPSHOT\spring-cloud-netflix-archaius-2.2.4.BUILD-SNAPSHOT.jar;C:\Users\ALEJO\.m2\repository\io\github\openfeign\form\feign-form-spring\3.8.0\feign-form-spring-3.8.0.jar;C:\Users\ALEJO\.m2\repository\io\github\openfeign\form\feign-form\3.8.0\feign-form-3.8.0.jar;C:\Users\ALEJO\.m2\repository\commons-fileupload\commons-fileupload\1.4\commons-fileupload-1.4.jar;C:\Users\ALEJO\.m2\repository\commons-io\commons-io\2.2\commons-io-2.2.jar;C:\Users\ALEJO\.m2\repository\org\springframework\cloud\spring-cloud-commons\2.2.4.BUILD-SNAPSHOT\spring-cloud-commons-2.2.4.BUILD-SNAPSHOT.jar;C:\Users\ALEJO\.m2\repository\org\springframework\security\spring-security-crypto\5.3.2.RELEASE\spring-security-crypto-5.3.2.RELEASE.jar;C:\Users\ALEJO\.m2\repository\io\github\openfeign\feign-core\10.10.1\feign-core-10.10.1.jar;C:\Users\ALEJO\.m2\repository\io\github\openfeign\feign-slf4j\10.10.1\feign-slf4j-10.10.1.jar;C:\Users\ALEJO\.m2\repository\org\slf4j\slf4j-api\1.7.30\slf4j-api-1.7.30.jar;C:\Users\ALEJO\.m2\repository\io\github\openfeign\feign-hystrix\10.10.1\feign-hystrix-10.10.1.jar;C:\Users\ALEJO\.m2\repository\com\netflix\archaius\archaius-core\0.7.6\archaius-core-0.7.6.jar;C:\Users\ALEJO\.m2\repository\com\google\code\findbugs\jsr305\3.0.1\jsr305-3.0.1.jar;C:\Users\ALEJO\.m2\repository\commons-configuration\commons-configuration\1.8\commons-configuration-1.8.jar;C:\Users\ALEJO\.m2\repository\commons-lang\commons-lang\2.6\commons-lang-2.6.jar;C:\Users\ALEJO\.m2\repository\com\google\guava\guava\29.0-android\guava-29.0-android.jar;C:\Users\ALEJO\.m2\repository\com\google\guava\failureaccess\1.0.1\failureaccess-1.0.1.jar;C:\Users\ALEJO\.m2\repository\com\google\guava\listenablefuture\9999.0-empty-to-avoid-conflict-with-guava\listenablefuture-9999.0-empty-to-avoid-conflict-with-guava.jar;C:\Users\ALEJO\.m2\repository\org\checkerframework\checker-compat-qual\2.5.5\checker-compat-qual-2.5.5.jar;C:\Users\ALEJO\.m2\repository\com\google\errorprone\error_prone_annotations\2.3.4\error_prone_annotations-2.3.4.jar;C:\Users\ALEJO\.m2\repository\com\google\j2objc\j2objc-annotations\1.3\j2objc-annotations-1.3.jar;C:\Users\ALEJO\.m2\repository\com\netflix\hystrix\hystrix-core\1.5.18\hystrix-core-1.5.18.jar;C:\Users\ALEJO\.m2\repository\io\reactivex\rxjava\1.3.8\rxjava-1.3.8.jar;C:\Users\ALEJO\.m2\repository\org\hdrhistogram\HdrHistogram\2.1.9\HdrHistogram-2.1.9.jar;C:\Users\ALEJO\.m2\repository\org\springframework\cloud\spring-cloud-starter-zipkin\2.2.4.BUILD-SNAPSHOT\spring-cloud-starter-zipkin-2.2.4.BUILD-SNAPSHOT.jar;C:\Users\ALEJO\.m2\repository\org\springframework\cloud\spring-cloud-starter-sleuth\2.2.4.BUILD-SNAPSHOT\spring-cloud-starter-sleuth-2.2.4.BUILD-SNAPSHOT.jar;C:\Users\ALEJO\.m2\repository\org\springframework\cloud\spring-cloud-sleuth-core\2.2.4.BUILD-SNAPSHOT\spring-cloud-sleuth-core-2.2.4.BUILD-SNAPSHOT.jar;C:\Users\ALEJO\.m2\repository\org\aspectj\aspectjrt\1.9.5\aspectjrt-1.9.5.jar;C:\Users\ALEJO\.m2\repository\io\zipkin\brave\brave\5.12.3\brave-5.12.3.jar;C:\Users\ALEJO\.m2\repository\io\zipkin\brave\brave-context-slf4j\5.12.3\brave-context-slf4j-5.12.3.jar;C:\Users\ALEJO\.m2\repository\io\zipkin\brave\brave-instrumentation-messaging\5.12.3\brave-instrumentation-messaging-5.12.3.jar;C:\Users\ALEJO\.m2\repository\io\zipkin\brave\brave-instrumentation-rpc\5.12.3\brave-instrumentation-rpc-5.12.3.jar;C:\Users\ALEJO\.m2\repository\io\zipkin\brave\brave-instrumentation-spring-web\5.12.3\brave-instrumentation-spring-web-5.12.3.jar;C:\Users\ALEJO\.m2\repository\io\zipkin\brave\brave-instrumentation-http\5.12.3\brave-instrumentation-http-5.12.3.jar;C:\Users\ALEJO\.m2\repository\io\zipkin\brave\brave-instrumentation-spring-rabbit\5.12.3\brave-instrumentation-spring-rabbit-5.12.3.jar;C:\Users\ALEJO\.m2\repository\io\zipkin\brave\brave-instrumentation-kafka-clients\5.12.3\brave-instrumentation-kafka-clients-5.12.3.jar;C:\Users\ALEJO\.m2\repository\io\zipkin\brave\brave-instrumentation-kafka-streams\5.12.3\brave-instrumentation-kafka-streams-5.12.3.jar;C:\Users\ALEJO\.m2\repository\io\zipkin\brave\brave-instrumentation-httpclient\5.12.3\brave-instrumentation-httpclient-5.12.3.jar;C:\Users\ALEJO\.m2\repository\io\zipkin\brave\brave-instrumentation-httpasyncclient\5.12.3\brave-instrumentation-httpasyncclient-5.12.3.jar;C:\Users\ALEJO\.m2\repository\io\zipkin\brave\brave-instrumentation-spring-webmvc\5.12.3\brave-instrumentation-spring-webmvc-5.12.3.jar;C:\Users\ALEJO\.m2\repository\io\zipkin\brave\brave-instrumentation-servlet\5.12.3\brave-instrumentation-servlet-5.12.3.jar;C:\Users\ALEJO\.m2\repository\io\zipkin\brave\brave-instrumentation-jms\5.12.3\brave-instrumentation-jms-5.12.3.jar;C:\Users\ALEJO\.m2\repository\io\zipkin\reporter2\zipkin-reporter-metrics-micrometer\2.15.0\zipkin-reporter-metrics-micrometer-2.15.0.jar;C:\Users\ALEJO\.m2\repository\org\springframework\cloud\spring-cloud-sleuth-zipkin\2.2.4.BUILD-SNAPSHOT\spring-cloud-sleuth-zipkin-2.2.4.BUILD-SNAPSHOT.jar;C:\Users\ALEJO\.m2\repository\io\zipkin\zipkin2\zipkin\2.21.1\zipkin-2.21.1.jar;C:\Users\ALEJO\.m2\repository\io\zipkin\reporter2\zipkin-reporter\2.15.0\zipkin-reporter-2.15.0.jar;C:\Users\ALEJO\.m2\repository\io\zipkin\reporter2\zipkin-reporter-brave\2.15.0\zipkin-reporter-brave-2.15.0.jar;C:\Users\ALEJO\.m2\repository\io\zipkin\reporter2\zipkin-sender-kafka\2.15.0\zipkin-sender-kafka-2.15.0.jar;C:\Users\ALEJO\.m2\repository\io\zipkin\reporter2\zipkin-sender-activemq-client\2.15.0\zipkin-sender-activemq-client-2.15.0.jar;C:\Users\ALEJO\.m2\repository\io\zipkin\reporter2\zipkin-sender-amqp-client\2.15.0\zipkin-sender-amqp-client-2.15.0.jar;C:\Users\ALEJO\.m2\repository\org\projectlombok\lombok\1.18.12\lombok-1.18.12.jar;C:\Users\ALEJO\.m2\repository\org\springframework\boot\spring-boot-starter-test\2.3.0.BUILD-SNAPSHOT\spring-boot-starter-test-2.3.0.BUILD-SNAPSHOT.jar;C:\Users\ALEJO\.m2\repository\org\springframework\boot\spring-boot-test\2.3.0.BUILD-SNAPSHOT\spring-boot-test-2.3.0.BUILD-SNAPSHOT.jar;C:\Users\ALEJO\.m2\repository\org\springframework\boot\spring-boot-test-autoconfigure\2.3.0.BUILD-SNAPSHOT\spring-boot-test-autoconfigure-2.3.0.BUILD-SNAPSHOT.jar;C:\Users\ALEJO\.m2\repository\com\jayway\jsonpath\json-path\2.4.0\json-path-2.4.0.jar;C:\Users\ALEJO\.m2\repository\net\minidev\json-smart\2.3\json-smart-2.3.jar;C:\Users\ALEJO\.m2\repository\net\minidev\accessors-smart\1.2\accessors-smart-1.2.jar;C:\Users\ALEJO\.m2\repository\org\ow2\asm\asm\5.0.4\asm-5.0.4.jar;C:\Users\ALEJO\.m2\repository\jakarta\xml\bind\jakarta.xml.bind-api\2.3.3\jakarta.xml.bind-api-2.3.3.jar;C:\Users\ALEJO\.m2\repository\jakarta\activation\jakarta.activation-api\1.2.2\jakarta.activation-api-1.2.2.jar;C:\Users\ALEJO\.m2\repository\org\assertj\assertj-core\3.16.1\assertj-core-3.16.1.jar;C:\Users\ALEJO\.m2\repository\org\hamcrest\hamcrest\2.2\hamcrest-2.2.jar;C:\Users\ALEJO\.m2\repository\org\junit\jupiter\junit-jupiter\5.6.2\junit-jupiter-5.6.2.jar;C:\Users\ALEJO\.m2\repository\org\junit\jupiter\junit-jupiter-api\5.6.2\junit-jupiter-api-5.6.2.jar;C:\Users\ALEJO\.m2\repository\org\apiguardian\apiguardian-api\1.1.0\apiguardian-api-1.1.0.jar;C:\Users\ALEJO\.m2\repository\org\opentest4j\opentest4j\1.2.0\opentest4j-1.2.0.jar;C:\Users\ALEJO\.m2\repository\org\junit\platform\junit-platform-commons\1.6.2\junit-platform-commons-1.6.2.jar;C:\Users\ALEJO\.m2\repository\org\junit\jupiter\junit-jupiter-params\5.6.2\junit-jupiter-params-5.6.2.jar;C:\Users\ALEJO\.m2\repository\org\junit\jupiter\junit-jupiter-engine\5.6.2\junit-jupiter-engine-5.6.2.jar;C:\Users\ALEJO\.m2\repository\org\junit\platform\junit-platform-engine\1.6.2\junit-platform-engine-1.6.2.jar;C:\Users\ALEJO\.m2\repository\org\mockito\mockito-core\3.3.3\mockito-core-3.3.3.jar;C:\Users\ALEJO\.m2\repository\net\bytebuddy\byte-buddy\1.10.10\byte-buddy-1.10.10.jar;C:\Users\ALEJO\.m2\repository\net\bytebuddy\byte-buddy-agent\1.10.10\byte-buddy-agent-1.10.10.jar;C:\Users\ALEJO\.m2\repository\org\objenesis\objenesis\2.6\objenesis-2.6.jar;C:\Users\ALEJO\.m2\repository\org\mockito\mockito-junit-jupiter\3.3.3\mockito-junit-jupiter-3.3.3.jar;C:\Users\ALEJO\.m2\repository\org\skyscreamer\jsonassert\1.5.0\jsonassert-1.5.0.jar;C:\Users\ALEJO\.m2\repository\com\vaadin\external\google\android-json\0.0.20131108.vaadin1\android-json-0.0.20131108.vaadin1.jar;C:\Users\ALEJO\.m2\repository\org\springframework\spring-core\5.2.6.RELEASE\spring-core-5.2.6.RELEASE.jar;C:\Users\ALEJO\.m2\repository\org\springframework\spring-jcl\5.2.6.RELEASE\spring-jcl-5.2.6.RELEASE.jar;C:\Users\ALEJO\.m2\repository\org\springframework\spring-test\5.2.6.RELEASE\spring-test-5.2.6.RELEASE.jar;C:\Users\ALEJO\.m2\repository\org\xmlunit\xmlunit-core\2.7.0\xmlunit-core-2.7.0.jar;C:\Users\ALEJO\.m2\repository\org\springframework\boot\spring-boot-starter-data-jpa\2.3.0.BUILD-SNAPSHOT\spring-boot-starter-data-jpa-2.3.0.BUILD-SNAPSHOT.jar;C:\Users\ALEJO\.m2\repository\org\springframework\boot\spring-boot-starter-aop\2.3.0.BUILD-SNAPSHOT\spring-boot-starter-aop-2.3.0.BUILD-SNAPSHOT.jar;C:\Users\ALEJO\.m2\repository\org\aspectj\aspectjweaver\1.9.5\aspectjweaver-1.9.5.jar;C:\Users\ALEJO\.m2\repository\org\springframework\boot\spring-boot-starter-jdbc\2.3.0.BUILD-SNAPSHOT\spring-boot-starter-jdbc-2.3.0.BUILD-SNAPSHOT.jar;C:\Users\ALEJO\.m2\repository\com\zaxxer\HikariCP\3.4.5\HikariCP-3.4.5.jar;C:\Users\ALEJO\.m2\repository\org\springframework\spring-jdbc\5.2.6.RELEASE\spring-jdbc-5.2.6.RELEASE.jar;C:\Users\ALEJO\.m2\repository\jakarta\transaction\jakarta.transaction-api\1.3.3\jakarta.transaction-api-1.3.3.jar;C:\Users\ALEJO\.m2\repository\jakarta\persistence\jakarta.persistence-api\2.2.3\jakarta.persistence-api-2.2.3.jar;C:\Users\ALEJO\.m2\repository\org\hibernate\hibernate-core\5.4.15.Final\hibernate-core-5.4.15.Final.jar;C:\Users\ALEJO\.m2\repository\org\jboss\logging\jboss-logging\3.4.1.Final\jboss-logging-3.4.1.Final.jar;C:\Users\ALEJO\.m2\repository\org\javassist\javassist\3.24.0-GA\javassist-3.24.0-GA.jar;C:\Users\ALEJO\.m2\repository\antlr\antlr\2.7.7\antlr-2.7.7.jar;C:\Users\ALEJO\.m2\repository\org\jboss\jandex\2.1.3.Final\jandex-2.1.3.Final.jar;C:\Users\ALEJO\.m2\repository\com\fasterxml\classmate\1.5.1\classmate-1.5.1.jar;C:\Users\ALEJO\.m2\repository\org\dom4j\dom4j\2.1.3\dom4j-2.1.3.jar;C:\Users\ALEJO\.m2\repository\org\hibernate\common\hibernate-commons-annotations\5.1.0.Final\hibernate-commons-annotations-5.1.0.Final.jar;C:\Users\ALEJO\.m2\repository\org\glassfish\jaxb\jaxb-runtime\2.3.3\jaxb-runtime-2.3.3.jar;C:\Users\ALEJO\.m2\repository\org\glassfish\jaxb\txw2\2.3.3\txw2-2.3.3.jar;C:\Users\ALEJO\.m2\repository\com\sun\istack\istack-commons-runtime\3.0.11\istack-commons-runtime-3.0.11.jar;C:\Users\ALEJO\.m2\repository\com\sun\activation\jakarta.activation\1.2.2\jakarta.activation-1.2.2.jar;C:\Users\ALEJO\.m2\repository\org\springframework\data\spring-data-jpa\2.3.0.RELEASE\spring-data-jpa-2.3.0.RELEASE.jar;C:\Users\ALEJO\.m2\repository\org\springframework\data\spring-data-commons\2.3.0.RELEASE\spring-data-commons-2.3.0.RELEASE.jar;C:\Users\ALEJO\.m2\repository\org\springframework\spring-orm\5.2.6.RELEASE\spring-orm-5.2.6.RELEASE.jar;C:\Users\ALEJO\.m2\repository\org\springframework\spring-tx\5.2.6.RELEASE\spring-tx-5.2.6.RELEASE.jar;C:\Users\ALEJO\.m2\repository\org\springframework\spring-aspects\5.2.6.RELEASE\spring-aspects-5.2.6.RELEASE.jar;C:\Users\ALEJO\.m2\repository\mysql\mysql-connector-java\8.0.20\mysql-connector-java-8.0.20.jar;"/>
    <property name="sun.cpu.endian" value="little"/>
    <property name="user.home" value="C:\Users\ALEJO"/>
    <property name="user.language" value="es"/>
    <property name="java.specification.vendor" value="Oracle Corporation"/>
    <property name="java.version.date" value="2018-09-25"/>
    <property name="java.home" value="C:\Program Files\Java\jdk-11"/>
    <property name="file.separator" value="\"/>
    <property name="basedir" value="C:\Users\ALEJO\OneDrive\Escritorio\Especializacion\Implementacion Arquitectura\back\toures-balon-orden"/>
    <property name="java.vm.compressedOopsMode" value="Zero based"/>
    <property name="line.separator" value="&#10;"/>
    <property name="java.specification.name" value="Java Platform API Specification"/>
    <property name="java.vm.specification.vendor" value="Oracle Corporation"/>
    <property name="java.awt.graphicsenv" value="sun.awt.Win32GraphicsEnvironment"/>
    <property name="surefire.real.class.path" value="C:\Users\ALEJO\AppData\Local\Temp\surefire17773121595963157921\surefirebooter3052446438020360676.jar"/>
    <property name="user.script" value=""/>
    <property name="sun.management.compiler" value="HotSpot 64-Bit Tiered Compilers"/>
    <property name="java.runtime.version" value="11+28"/>
    <property name="user.name" value="ALEJO"/>
    <property name="path.separator" value=";"/>
    <property name="os.version" value="10.0"/>
    <property name="java.runtime.name" value="OpenJDK Runtime Environment"/>
    <property name="file.encoding" value="Cp1252"/>
    <property name="java.vm.name" value="OpenJDK 64-Bit Server VM"/>
    <property name="java.vendor.version" value="18.9"/>
    <property name="localRepository" value="C:\Users\ALEJO\.m2\repository"/>
    <property name="java.vendor.url.bug" value="http://bugreport.java.com/bugreport/"/>
    <property name="java.io.tmpdir" value="C:\Users\ALEJO\AppData\Local\Temp\"/>
    <property name="java.version" value="11"/>
    <property name="user.dir" value="C:\Users\ALEJO\OneDrive\Escritorio\Especializacion\Implementacion Arquitectura\back\toures-balon-orden"/>
    <property name="os.arch" value="amd64"/>
    <property name="java.vm.specification.name" value="Java Virtual Machine Specification"/>
    <property name="java.awt.printerjob" value="sun.awt.windows.WPrinterJob"/>
    <property name="sun.os.patch.level" value=""/>
    <property name="java.library.path" value="C:\Program Files\Java\jdk-11\bin;C:\Windows\Sun\Java\bin;C:\Windows\system32;C:\Windows;C:\Program Files (x86)\Common Files\Oracle\Java\javapath;C:\ProgramData\Oracle\Java\javapath;C:\Windows\system32;C:\Windows;C:\Windows\System32\Wbem;C:\Windows\System32\WindowsPowerShell\v1.0\;C:\Windows\System32\OpenSSH\;C:\Program Files\Java\jdk-11\bin;C:\mvn\apache-maven-3.5.4\bin;C:\Program Files\Git\cmd;C:\Program Files (x86)\Microchip\xc32\v2.15\bin;C:\PROGRA~2\PICC;C:\Program Files\RabbitMQ Server\rabbitmq_server-3.8.2\sbin;;C:\Program Files (x86)\AOMEI Backupper;C:\Program Files (x86)\Windows Kits\10\Windows Performance Toolkit\;C:\Program Files (x86)\Windows Kits\10\Microsoft Application Virtualization\Sequencer\;C:\Program Files\dotnet\;C:\Program Files\Microsoft SQL Server\130\Tools\Binn\;C:\Program Files\Microsoft SQL Server\Client SDK\ODBC\170\Tools\Binn\;C:\Program Files\nodejs\;C:\ProgramData\chocolatey\bin;;C:\Program Files\Docker\Docker\resources\bin;C:\ProgramData\DockerDesktop\version-bin;C:\Users\ALEJO\AppData\Local\Microsoft\WindowsApps;C:\Users\ALEJO\AppData\Local\Programs\Microsoft VS Code\bin;C:\kubernetes;C:\Gradle\gradle-6.2\bin;C:\Users\ALEJO\AppData\Local\GitHubDesktop\bin;C:\Users\ALEJO\AppData\Roaming\npm;C:\Users\ALEJO\Downloads\terraform_0.12.24_windows_amd64;;."/>
    <property name="java.vendor" value="Oracle Corporation"/>
    <property name="java.vm.info" value="mixed mode"/>
    <property name="java.vm.version" value="11+28"/>
    <property name="sun.io.unicode.encoding" value="UnicodeLittle"/>
    <property name="java.class.version" value="55.0"/>
  </properties>
  <testcase name="contextLoads" classname="com.toures.balon.orden.TouresBalonOrdenApplicationTests" time="0.104"/>
</testsuite>